[2026-02-23 15:09:48Z INFO HostContext] No proxy settings were found based on environmental variables (http_proxy/https_proxy/HTTP_PROXY/HTTPS_PROXY)
[2026-02-23 15:09:48Z INFO HostContext] Well known directory 'Bin': 'C:\Users\pc\OneDrive\Desktop\동원이\test\k8stest\actions-runner\bin'
[2026-02-23 15:09:48Z INFO HostContext] Well known directory 'Root': 'C:\Users\pc\OneDrive\Desktop\동원이\test\k8stest\actions-runner'
[2026-02-23 15:09:48Z INFO HostContext] Well known config file 'Credentials': 'C:\Users\pc\OneDrive\Desktop\동원이\test\k8stest\actions-runner\.credentials'
[2026-02-23 15:09:49Z INFO HostContext] Well known directory 'Bin': 'C:\Users\pc\OneDrive\Desktop\동원이\test\k8stest\actions-runner\bin'
[2026-02-23 15:09:49Z INFO HostContext] Well known directory 'Root': 'C:\Users\pc\OneDrive\Desktop\동원이\test\k8stest\actions-runner'
[2026-02-23 15:09:49Z INFO HostContext] Well known config file 'Runner': 'C:\Users\pc\OneDrive\Desktop\동원이\test\k8stest\actions-runner\.runner'
[2026-02-23 15:09:49Z INFO Listener] Runner is built for Windows (X64) - win-x64.
[2026-02-23 15:09:49Z INFO Listener] RuntimeInformation: Microsoft Windows 10.0.26100.
[2026-02-23 15:09:49Z INFO Listener] Version: 2.331.0
[2026-02-23 15:09:49Z INFO Listener] Commit: 39f6c643d3032f8795fa71f1482731ca90c8e038
[2026-02-23 15:09:49Z INFO Listener] Culture: ko-KR
[2026-02-23 15:09:49Z INFO Listener] UI Culture: ko-KR
[2026-02-23 15:09:49Z INFO HostContext] Well known directory 'Bin': 'C:\Users\pc\OneDrive\Desktop\동원이\test\k8stest\actions-runner\bin'
[2026-02-23 15:09:49Z INFO HostContext] Well known directory 'Root': 'C:\Users\pc\OneDrive\Desktop\동원이\test\k8stest\actions-runner'
[2026-02-23 15:09:49Z INFO Listener] Validating directory permissions for: 'C:\Users\pc\OneDrive\Desktop\동원이\test\k8stest\actions-runner'
[2026-02-23 15:09:49Z INFO CommandLineParser] Parse
[2026-02-23 15:09:49Z INFO CommandLineParser] Parsing 1 args
[2026-02-23 15:09:49Z INFO CommandLineParser] parsing argument
[2026-02-23 15:09:49Z INFO CommandLineParser] HasArgs: False
[2026-02-23 15:09:49Z INFO CommandLineParser] Adding Command: run
[2026-02-23 15:09:49Z INFO Listener] Arguments parsed
[2026-02-23 15:09:49Z INFO Runner] ExecuteCommand
[2026-02-23 15:09:49Z INFO ConfigurationStore] currentAssemblyLocation: C:\Users\pc\OneDrive\Desktop\동원이\test\k8stest\actions-runner\bin\Runner.Listener.dll
[2026-02-23 15:09:49Z INFO HostContext] Well known directory 'Bin': 'C:\Users\pc\OneDrive\Desktop\동원이\test\k8stest\actions-runner\bin'
[2026-02-23 15:09:49Z INFO ConfigurationStore] binPath: C:\Users\pc\OneDrive\Desktop\동원이\test\k8stest\actions-runner\bin
[2026-02-23 15:09:49Z INFO HostContext] Well known directory 'Bin': 'C:\Users\pc\OneDrive\Desktop\동원이\test\k8stest\actions-runner\bin'
[2026-02-23 15:09:49Z INFO HostContext] Well known directory 'Root': 'C:\Users\pc\OneDrive\Desktop\동원이\test\k8stest\actions-runner'
[2026-02-23 15:09:49Z INFO ConfigurationStore] RootFolder: C:\Users\pc\OneDrive\Desktop\동원이\test\k8stest\actions-runner
[2026-02-23 15:09:49Z INFO HostContext] Well known directory 'Bin': 'C:\Users\pc\OneDrive\Desktop\동원이\test\k8stest\actions-runner\bin'
[2026-02-23 15:09:49Z INFO HostContext] Well known directory 'Root': 'C:\Users\pc\OneDrive\Desktop\동원이\test\k8stest\actions-runner'
[2026-02-23 15:09:49Z INFO HostContext] Well known config file 'Runner': 'C:\Users\pc\OneDrive\Desktop\동원이\test\k8stest\actions-runner\.runner'
[2026-02-23 15:09:49Z INFO ConfigurationStore] ConfigFilePath: C:\Users\pc\OneDrive\Desktop\동원이\test\k8stest\actions-runner\.runner
[2026-02-23 15:09:49Z INFO HostContext] Well known directory 'Bin': 'C:\Users\pc\OneDrive\Desktop\동원이\test\k8stest\actions-runner\bin'
[2026-02-23 15:09:49Z INFO HostContext] Well known directory 'Root': 'C:\Users\pc\OneDrive\Desktop\동원이\test\k8stest\actions-runner'
[2026-02-23 15:09:49Z INFO HostContext] Well known config file 'MigratedRunner': 'C:\Users\pc\OneDrive\Desktop\동원이\test\k8stest\actions-runner\.runner_migrated'
[2026-02-23 15:09:49Z INFO ConfigurationStore] MigratedConfigFilePath: C:\Users\pc\OneDrive\Desktop\동원이\test\k8stest\actions-runner\.runner_migrated
[2026-02-23 15:09:49Z INFO HostContext] Well known directory 'Bin': 'C:\Users\pc\OneDrive\Desktop\동원이\test\k8stest\actions-runner\bin'
[2026-02-23 15:09:49Z INFO HostContext] Well known directory 'Root': 'C:\Users\pc\OneDrive\Desktop\동원이\test\k8stest\actions-runner'
[2026-02-23 15:09:49Z INFO HostContext] Well known config file 'Credentials': 'C:\Users\pc\OneDrive\Desktop\동원이\test\k8stest\actions-runner\.credentials'
[2026-02-23 15:09:49Z INFO ConfigurationStore] CredFilePath: C:\Users\pc\OneDrive\Desktop\동원이\test\k8stest\actions-runner\.credentials
[2026-02-23 15:09:49Z INFO HostContext] Well known directory 'Bin': 'C:\Users\pc\OneDrive\Desktop\동원이\test\k8stest\actions-runner\bin'
[2026-02-23 15:09:49Z INFO HostContext] Well known directory 'Root': 'C:\Users\pc\OneDrive\Desktop\동원이\test\k8stest\actions-runner'
[2026-02-23 15:09:49Z INFO HostContext] Well known config file 'MigratedCredentials': 'C:\Users\pc\OneDrive\Desktop\동원이\test\k8stest\actions-runner\.credentials_migrated'
[2026-02-23 15:09:49Z INFO ConfigurationStore] MigratedCredFilePath: C:\Users\pc\OneDrive\Desktop\동원이\test\k8stest\actions-runner\.credentials_migrated
[2026-02-23 15:09:49Z INFO HostContext] Well known directory 'Bin': 'C:\Users\pc\OneDrive\Desktop\동원이\test\k8stest\actions-runner\bin'
[2026-02-23 15:09:49Z INFO HostContext] Well known directory 'Root': 'C:\Users\pc\OneDrive\Desktop\동원이\test\k8stest\actions-runner'
[2026-02-23 15:09:49Z INFO HostContext] Well known config file 'Service': 'C:\Users\pc\OneDrive\Desktop\동원이\test\k8stest\actions-runner\.service'
[2026-02-23 15:09:49Z INFO ConfigurationStore] ServiceConfigFilePath: C:\Users\pc\OneDrive\Desktop\동원이\test\k8stest\actions-runner\.service
[2026-02-23 15:09:49Z INFO CommandSettings] Flag 'help': 'False'
[2026-02-23 15:09:49Z INFO CommandSettings] Flag 'version': 'False'
[2026-02-23 15:09:49Z INFO CommandSettings] Flag 'commit': 'False'
[2026-02-23 15:09:49Z INFO CommandSettings] Flag 'check': 'False'
[2026-02-23 15:09:50Z INFO CommandSettings] Command 'configure': 'False'
[2026-02-23 15:09:50Z INFO CommandSettings] Command 'remove': 'False'
[2026-02-23 15:09:50Z INFO CommandSettings] Command 'warmup': 'False'
[2026-02-23 15:09:50Z INFO ConfigurationManager] LoadSettings
[2026-02-23 15:09:50Z INFO ConfigurationStore] IsConfigured()
[2026-02-23 15:09:50Z INFO ConfigurationStore] IsConfigured: True
[2026-02-23 15:09:50Z INFO ConfigurationManager] Is configured: True
[2026-02-23 15:09:50Z INFO ConfigurationStore] Read setting file: 389 chars
[2026-02-23 15:09:50Z INFO ConfigurationManager] Settings Loaded
[2026-02-23 15:09:50Z INFO ConfigurationStore] IsServiceConfigured()
[2026-02-23 15:09:50Z INFO ConfigurationStore] IsServiceConfigured: False
[2026-02-23 15:09:50Z INFO CommandSettings] Command 'run': 'True'
[2026-02-23 15:09:50Z INFO ConfigurationStore] IsConfigured()
[2026-02-23 15:09:50Z INFO ConfigurationStore] IsConfigured: True
[2026-02-23 15:09:50Z INFO ConfigurationManager] Is configured: True
[2026-02-23 15:09:50Z INFO Runner] Could not parse the argument value '' for StartupType. Defaulting to Manual
[2026-02-23 15:09:50Z INFO Runner] Set runner startup type - Manual
[2026-02-23 15:09:50Z INFO CommandSettings] Flag 'once': 'False'
[2026-02-23 15:09:50Z INFO CommandSettings] Flag 'once': 'False'
[2026-02-23 15:09:50Z INFO Runner] RunAsync
[2026-02-23 15:09:50Z INFO ConfigurationManager] LoadMigratedSettings
[2026-02-23 15:09:50Z INFO ConfigurationStore] IsMigratedConfigured()
[2026-02-23 15:09:50Z INFO ConfigurationStore] IsMigratedConfigured: True
[2026-02-23 15:09:50Z INFO ConfigurationStore] Read migrated setting file: 389 chars
[2026-02-23 15:09:50Z INFO ConfigurationManager] Migrated Settings Loaded
[2026-02-23 15:09:50Z INFO Runner] Loaded migrated settings from .runner_migrated file
[2026-02-23 15:09:50Z INFO Runner] {
  "AgentId": 3,
  "AgentName": "ekstest",
  "PoolId": 1,
  "PoolName": "Default",
  "ServerUrl": "https://pipelinesghubeus22.actions.githubusercontent.com/1XVLR15AmAwLW8EnmemgNUMjM6v2tV3RNDxCatJ3ZH70faMCJi/",
  "GitHubUrl": "https://github.com/Leedongjuk/k8stest",
  "WorkFolder": "_work",
  "UseV2Flow": true,
  "ServerUrlV2": "https://broker.actions.githubusercontent.com/"
}
[2026-02-23 15:09:50Z INFO Runner] Attempting to create session using migrated settings
[2026-02-23 15:09:50Z INFO Runner] Using BrokerMessageListener
[2026-02-23 15:09:50Z INFO BrokerMessageListener] Using provided settings
[2026-02-23 15:09:50Z INFO BrokerMessageListener] Using migrated settings from .runner_migrated
[2026-02-23 15:09:50Z INFO BrokerMessageListener] {
  "AgentId": 3,
  "AgentName": "ekstest",
  "PoolId": 1,
  "PoolName": "Default",
  "ServerUrl": "https://pipelinesghubeus22.actions.githubusercontent.com/1XVLR15AmAwLW8EnmemgNUMjM6v2tV3RNDxCatJ3ZH70faMCJi/",
  "GitHubUrl": "https://github.com/Leedongjuk/k8stest",
  "WorkFolder": "_work",
  "UseV2Flow": true,
  "ServerUrlV2": "https://broker.actions.githubusercontent.com/"
}
[2026-02-23 15:09:50Z INFO BrokerMessageListener] Loading Credentials
[2026-02-23 15:09:50Z INFO ConfigurationStore] HasCredentials()
[2026-02-23 15:09:50Z INFO ConfigurationStore] stored True
[2026-02-23 15:09:50Z INFO CredentialManager] GetCredentialProvider
[2026-02-23 15:09:50Z INFO CredentialManager] Creating type OAuth
[2026-02-23 15:09:50Z INFO CredentialManager] Creating credential type: OAuth
[2026-02-23 15:09:50Z INFO HostContext] Well known directory 'Bin': 'C:\Users\pc\OneDrive\Desktop\동원이\test\k8stest\actions-runner\bin'
[2026-02-23 15:09:50Z INFO HostContext] Well known directory 'Root': 'C:\Users\pc\OneDrive\Desktop\동원이\test\k8stest\actions-runner'
[2026-02-23 15:09:50Z INFO HostContext] Well known config file 'RSACredentials': 'C:\Users\pc\OneDrive\Desktop\동원이\test\k8stest\actions-runner\.credentials_rsaparams'
[2026-02-23 15:09:50Z INFO RSAEncryptedFileKeyManager] Loading RSA key parameters from file C:\Users\pc\OneDrive\Desktop\동원이\test\k8stest\actions-runner\.credentials_rsaparams
[2026-02-23 15:09:50Z INFO BrokerMessageListener] Attempt to create session.
[2026-02-23 15:09:50Z INFO BrokerMessageListener] Connecting to the Broker Server...
[2026-02-23 15:09:50Z INFO ConfigurationStore] HasCredentials()
[2026-02-23 15:09:50Z INFO ConfigurationStore] stored True
[2026-02-23 15:09:50Z INFO CredentialManager] GetCredentialProvider
[2026-02-23 15:09:50Z INFO CredentialManager] Creating type OAuth
[2026-02-23 15:09:50Z INFO CredentialManager] Creating credential type: OAuth
[2026-02-23 15:09:50Z INFO RSAEncryptedFileKeyManager] Loading RSA key parameters from file C:\Users\pc\OneDrive\Desktop\동원이\test\k8stest\actions-runner\.credentials_rsaparams
[2026-02-23 15:09:50Z INFO BrokerMessageListener] VssConnection created
[2026-02-23 15:09:50Z INFO BrokerMessageListener] Connecting to the Runner server...
[2026-02-23 15:09:50Z INFO RunnerServer] EstablishVssConnection
[2026-02-23 15:09:50Z INFO RunnerServer] Establish connection with 100 seconds timeout.
[2026-02-23 15:09:51Z INFO GitHubActionsService] Starting operation Location.GetConnectionData
[2026-02-23 15:09:51Z INFO RunnerServer] EstablishVssConnection
[2026-02-23 15:09:51Z INFO RunnerServer] Establish connection with 60 seconds timeout.
[2026-02-23 15:09:51Z INFO GitHubActionsService] Starting operation Location.GetConnectionData
[2026-02-23 15:09:51Z INFO RunnerServer] EstablishVssConnection
[2026-02-23 15:09:51Z INFO RunnerServer] Establish connection with 60 seconds timeout.
[2026-02-23 15:09:51Z INFO GitHubActionsService] Starting operation Location.GetConnectionData
[2026-02-23 15:09:53Z INFO GitHubActionsService] Finished operation Location.GetConnectionData
[2026-02-23 15:09:53Z INFO GitHubActionsService] Finished operation Location.GetConnectionData
[2026-02-23 15:09:53Z INFO GitHubActionsService] Finished operation Location.GetConnectionData
[2026-02-23 15:09:53Z INFO BrokerMessageListener] VssConnection created
[2026-02-23 15:09:53Z INFO Terminal] WRITE LINE: 
[2026-02-23 15:09:53Z INFO Terminal] WRITE LINE: 
[2026-02-23 15:09:53Z INFO RSAEncryptedFileKeyManager] Loading RSA key parameters from file C:\Users\pc\OneDrive\Desktop\동원이\test\k8stest\actions-runner\.credentials_rsaparams
[2026-02-23 15:09:53Z INFO RSAEncryptedFileKeyManager] Loading RSA key parameters from file C:\Users\pc\OneDrive\Desktop\동원이\test\k8stest\actions-runner\.credentials_rsaparams
[2026-02-23 15:09:54Z INFO GitHubActionsService] AAD Correlation ID for this token request: Unknown
[2026-02-23 15:09:55Z INFO BrokerMessageListener] Session created.
[2026-02-23 15:09:55Z INFO Runner] Successfully created session with migrated settings
[2026-02-23 15:09:55Z INFO Terminal] WRITE LINE: Current runner version: '2.331.0'
[2026-02-23 15:09:55Z INFO Terminal] WRITE LINE: 2026-02-23 15:09:55Z: Listening for Jobs
[2026-02-23 15:09:55Z INFO JobDispatcher] Set runner/worker IPC timeout to 30 seconds.
[2026-02-23 15:34:28Z INFO BrokerMessageListener] Acknowledging runner request 'dbd5064b-0bc4-55ad-b0c7-77330107ccee'.
[2026-02-23 15:34:29Z INFO ConfigurationStore] HasCredentials()
[2026-02-23 15:34:29Z INFO ConfigurationStore] stored True
[2026-02-23 15:34:29Z INFO CredentialManager] GetCredentialProvider
[2026-02-23 15:34:29Z INFO CredentialManager] Creating type OAuth
[2026-02-23 15:34:29Z INFO CredentialManager] Creating credential type: OAuth
[2026-02-23 15:34:29Z INFO RSAEncryptedFileKeyManager] Loading RSA key parameters from file C:\Users\pc\OneDrive\Desktop\동원이\test\k8stest\actions-runner\.credentials_rsaparams
[2026-02-23 15:34:29Z INFO RSAEncryptedFileKeyManager] Loading RSA key parameters from file C:\Users\pc\OneDrive\Desktop\동원이\test\k8stest\actions-runner\.credentials_rsaparams
[2026-02-23 15:34:29Z INFO RSAEncryptedFileKeyManager] Loading RSA key parameters from file C:\Users\pc\OneDrive\Desktop\동원이\test\k8stest\actions-runner\.credentials_rsaparams
[2026-02-23 15:34:30Z INFO GitHubActionsService] AAD Correlation ID for this token request: Unknown
[2026-02-23 15:34:31Z INFO JobDispatcher] Job request 0 for plan a1f3b085-4ab1-4641-8599-c7dd1c561892 job dbd5064b-0bc4-55ad-b0c7-77330107ccee received.
[2026-02-23 15:34:31Z INFO JobDispatcher] Pull OrchestrationId a1f3b085-4ab1-4641-8599-c7dd1c561892.build_push_gitops.__default from JWT claims
[2026-02-23 15:34:31Z INFO BrokerMessageListener] Received job status event. JobState: Busy
[2026-02-23 15:34:31Z INFO BrokerMessageListener] _getMessagesTokenSource is already disposed.
[2026-02-23 15:34:31Z INFO Terminal] WRITE LINE: 2026-02-23 15:34:31Z: Running job: build_push_gitops
[2026-02-23 15:34:31Z INFO JobDispatcher] Start renew job request 0 for job dbd5064b-0bc4-55ad-b0c7-77330107ccee.
[2026-02-23 15:34:32Z INFO JobDispatcher] Successfully renew job dbd5064b-0bc4-55ad-b0c7-77330107ccee, job is valid till 2026-02-23 오후 3:44:27
[2026-02-23 15:34:32Z INFO HostContext] Well known directory 'Bin': 'C:\Users\pc\OneDrive\Desktop\동원이\test\k8stest\actions-runner\bin'
[2026-02-23 15:34:32Z INFO ProcessInvokerWrapper] Starting process:
[2026-02-23 15:34:32Z INFO ProcessInvokerWrapper]   File name: 'C:\Users\pc\OneDrive\Desktop\동원이\test\k8stest\actions-runner\bin\Runner.Worker.exe'
[2026-02-23 15:34:32Z INFO ProcessInvokerWrapper]   Arguments: 'spawnclient 2212 2224'
[2026-02-23 15:34:32Z INFO ProcessInvokerWrapper]   Working directory: 'C:\Users\pc\OneDrive\Desktop\동원이\test\k8stest\actions-runner\bin'
[2026-02-23 15:34:32Z INFO ProcessInvokerWrapper]   Require exit code zero: 'False'
[2026-02-23 15:34:32Z INFO ProcessInvokerWrapper]   Encoding web name:  ; code page: ''
[2026-02-23 15:34:32Z INFO ProcessInvokerWrapper]   Force kill process on cancellation: 'True'
[2026-02-23 15:34:32Z INFO ProcessInvokerWrapper]   Redirected STDIN: 'False'
[2026-02-23 15:34:32Z INFO ProcessInvokerWrapper]   Persist current code page: 'False'
[2026-02-23 15:34:32Z INFO ProcessInvokerWrapper]   Keep redirected STDIN open: 'False'
[2026-02-23 15:34:32Z INFO ProcessInvokerWrapper]   High priority process: 'True'
[2026-02-23 15:34:32Z INFO ProcessInvokerWrapper] Process started with process id 20800, waiting for process exit.
[2026-02-23 15:34:32Z INFO JobDispatcher] Send job request message to worker for job dbd5064b-0bc4-55ad-b0c7-77330107ccee.
[2026-02-23 15:34:32Z INFO ProcessChannel] Sending message of length 21252, with hash 'dd2a74b444e0bafb440bb7fba661c8ecdd4d485466b3738e5699167bcb2f0bb6'
[2026-02-23 15:34:34Z INFO JobNotification] Entering JobStarted Notification
[2026-02-23 15:34:34Z INFO JobNotification] Entering StartMonitor
[2026-02-23 15:35:19Z INFO ProcessInvokerWrapper] STDOUT/STDERR stream read finished.
[2026-02-23 15:35:19Z INFO ProcessInvokerWrapper] STDOUT/STDERR stream read finished.
[2026-02-23 15:35:19Z INFO ProcessInvokerWrapper] Finished process 20800 with exit code 102, and elapsed time 00:00:47.3532901.
[2026-02-23 15:35:19Z INFO JobDispatcher] Worker finished for job dbd5064b-0bc4-55ad-b0c7-77330107ccee. Code: 102
[2026-02-23 15:35:19Z INFO JobDispatcher] finish job request for job dbd5064b-0bc4-55ad-b0c7-77330107ccee with result: Failed
[2026-02-23 15:35:19Z INFO Terminal] WRITE LINE: 2026-02-23 15:35:19Z: Job build_push_gitops completed with result: Failed
[2026-02-23 15:35:19Z INFO JobDispatcher] Stop renew job request for job dbd5064b-0bc4-55ad-b0c7-77330107ccee.
[2026-02-23 15:35:19Z INFO JobDispatcher] job renew has been cancelled, stop renew job dbd5064b-0bc4-55ad-b0c7-77330107ccee.
[2026-02-23 15:35:19Z INFO JobNotification] Entering JobCompleted Notification
[2026-02-23 15:35:19Z INFO JobNotification] Entering EndMonitor
[2026-02-23 15:35:19Z INFO BrokerMessageListener] Received job status event. JobState: Online
[2026-02-23 15:35:19Z WARN GitHubActionsService] GET request to https://broker.actions.githubusercontent.com/message?sessionId=c7409726-ddac-4ced-a538-87c62edfd216&status=Busy&runnerVersion=2.331.0&os=Windows&architecture=X64&disableUpdate=false has been cancelled.
[2026-02-23 15:35:19Z ERR  BrokerServer] Catch exception during request
[2026-02-23 15:35:19Z ERR  BrokerServer] System.Threading.Tasks.TaskCanceledException: The operation was canceled.
 ---> System.Threading.Tasks.TaskCanceledException: The operation was canceled.
 ---> System.IO.IOException: Unable to read data from the transport connection: 스레드 종료 또는 응용 프로그램 요청 때문에 I/O 작업이 취소되었습니다..
 ---> System.Net.Sockets.SocketException (995): 스레드 종료 또는 응용 프로그램 요청 때문에 I/O 작업이 취소되었습니다.
   --- End of inner exception stack trace ---
   at System.Net.Sockets.Socket.AwaitableSocketAsyncEventArgs.ThrowException(SocketError error, CancellationToken cancellationToken)
   at System.Net.Sockets.Socket.AwaitableSocketAsyncEventArgs.System.Threading.Tasks.Sources.IValueTaskSource<System.Int32>.GetResult(Int16 token)
   at System.Net.Security.SslStream.EnsureFullTlsFrameAsync[TIOAdapter](CancellationToken cancellationToken, Int32 estimatedSize)
   at System.Runtime.CompilerServices.PoolingAsyncValueTaskMethodBuilder`1.StateMachineBox`1.System.Threading.Tasks.Sources.IValueTaskSource<TResult>.GetResult(Int16 token)
   at System.Net.Security.SslStream.ReadAsyncInternal[TIOAdapter](Memory`1 buffer, CancellationToken cancellationToken)
   at System.Runtime.CompilerServices.PoolingAsyncValueTaskMethodBuilder`1.StateMachineBox`1.System.Threading.Tasks.Sources.IValueTaskSource<TResult>.GetResult(Int16 token)
   at System.Net.Http.HttpConnection.SendAsync(HttpRequestMessage request, Boolean async, CancellationToken cancellationToken)
   --- End of inner exception stack trace ---
   at System.Net.Http.HttpConnection.SendAsync(HttpRequestMessage request, Boolean async, CancellationToken cancellationToken)
   at System.Net.Http.AuthenticationHelper.SendWithNtAuthAsync(HttpRequestMessage request, Uri authUri, Boolean async, ICredentials credentials, Boolean isProxyAuth, HttpConnection connection, HttpConnectionPool connectionPool, CancellationToken cancellationToken)
   at System.Net.Http.HttpConnectionPool.SendWithVersionDetectionAndRetryAsync(HttpRequestMessage request, Boolean async, Boolean doRequestAuth, CancellationToken cancellationToken)
   at System.Net.Http.AuthenticationHelper.SendWithAuthAsync(HttpRequestMessage request, Uri authUri, Boolean async, ICredentials credentials, Boolean preAuthenticate, Boolean isProxyAuth, Boolean doRequestAuth, HttpConnectionPool pool, CancellationToken cancellationToken)
   at System.Net.Http.RedirectHandler.SendAsync(HttpRequestMessage request, Boolean async, CancellationToken cancellationToken)
   at GitHub.Services.Common.RawHttpMessageHandler.SendAsync(HttpRequestMessage request, CancellationToken cancellationToken)
   at GitHub.Services.Common.VssHttpRetryMessageHandler.SendAsync(HttpRequestMessage request, CancellationToken cancellationToken)
   at System.Net.Http.HttpClient.<SendAsync>g__Core|83_0(HttpRequestMessage request, HttpCompletionOption completionOption, CancellationTokenSource cts, Boolean disposeCts, CancellationTokenSource pendingRequestsCts, CancellationToken originalCancellationToken)
   --- End of inner exception stack trace ---
   at System.Net.Http.HttpClient.HandleFailure(Exception e, Boolean telemetryStarted, HttpResponseMessage response, CancellationTokenSource cts, CancellationToken cancellationToken, CancellationTokenSource pendingRequestsCts)
   at System.Net.Http.HttpClient.<SendAsync>g__Core|83_0(HttpRequestMessage request, HttpCompletionOption completionOption, CancellationTokenSource cts, Boolean disposeCts, CancellationTokenSource pendingRequestsCts, CancellationToken originalCancellationToken)
   at Sdk.WebApi.WebApi.RawHttpClientBase.SendAsync(HttpRequestMessage message, HttpCompletionOption completionOption, Object userState, CancellationToken cancellationToken)
   at Sdk.WebApi.WebApi.RawHttpClientBase.SendAsync[T](HttpRequestMessage message, Boolean readErrorBody, Object userState, CancellationToken cancellationToken)
   at Sdk.WebApi.WebApi.RawHttpClientBase.SendAsync[T](HttpMethod method, IEnumerable`1 additionalHeaders, Uri requestUri, HttpContent content, IEnumerable`1 queryParameters, Boolean readErrorBody, Object userState, CancellationToken cancellationToken)
   at GitHub.Actions.RunService.WebApi.BrokerHttpClient.GetRunnerMessageAsync(Nullable`1 sessionId, String runnerVersion, Nullable`1 status, String os, String architecture, Nullable`1 disableUpdate, CancellationToken cancellationToken)
   at GitHub.Runner.Common.BrokerServer.<>c__DisplayClass7_0.<<GetRunnerMessageAsync>b__0>d.MoveNext()
--- End of stack trace from previous location ---
   at GitHub.Runner.Common.RunnerService.RetryRequest[T](Func`1 func, CancellationToken cancellationToken, Int32 maxAttempts, Func`2 shouldRetry)
[2026-02-23 15:35:19Z ERR  BrokerServer] #####################################################
[2026-02-23 15:35:19Z ERR  BrokerServer] System.Threading.Tasks.TaskCanceledException: The operation was canceled.
 ---> System.IO.IOException: Unable to read data from the transport connection: 스레드 종료 또는 응용 프로그램 요청 때문에 I/O 작업이 취소되었습니다..
 ---> System.Net.Sockets.SocketException (995): 스레드 종료 또는 응용 프로그램 요청 때문에 I/O 작업이 취소되었습니다.
   --- End of inner exception stack trace ---
   at System.Net.Sockets.Socket.AwaitableSocketAsyncEventArgs.ThrowException(SocketError error, CancellationToken cancellationToken)
   at System.Net.Sockets.Socket.AwaitableSocketAsyncEventArgs.System.Threading.Tasks.Sources.IValueTaskSource<System.Int32>.GetResult(Int16 token)
   at System.Net.Security.SslStream.EnsureFullTlsFrameAsync[TIOAdapter](CancellationToken cancellationToken, Int32 estimatedSize)
   at System.Runtime.CompilerServices.PoolingAsyncValueTaskMethodBuilder`1.StateMachineBox`1.System.Threading.Tasks.Sources.IValueTaskSource<TResult>.GetResult(Int16 token)
   at System.Net.Security.SslStream.ReadAsyncInternal[TIOAdapter](Memory`1 buffer, CancellationToken cancellationToken)
   at System.Runtime.CompilerServices.PoolingAsyncValueTaskMethodBuilder`1.StateMachineBox`1.System.Threading.Tasks.Sources.IValueTaskSource<TResult>.GetResult(Int16 token)
   at System.Net.Http.HttpConnection.SendAsync(HttpRequestMessage request, Boolean async, CancellationToken cancellationToken)
   --- End of inner exception stack trace ---
   at System.Net.Http.HttpConnection.SendAsync(HttpRequestMessage request, Boolean async, CancellationToken cancellationToken)
   at System.Net.Http.AuthenticationHelper.SendWithNtAuthAsync(HttpRequestMessage request, Uri authUri, Boolean async, ICredentials credentials, Boolean isProxyAuth, HttpConnection connection, HttpConnectionPool connectionPool, CancellationToken cancellationToken)
   at System.Net.Http.HttpConnectionPool.SendWithVersionDetectionAndRetryAsync(HttpRequestMessage request, Boolean async, Boolean doRequestAuth, CancellationToken cancellationToken)
   at System.Net.Http.AuthenticationHelper.SendWithAuthAsync(HttpRequestMessage request, Uri authUri, Boolean async, ICredentials credentials, Boolean preAuthenticate, Boolean isProxyAuth, Boolean doRequestAuth, HttpConnectionPool pool, CancellationToken cancellationToken)
   at System.Net.Http.RedirectHandler.SendAsync(HttpRequestMessage request, Boolean async, CancellationToken cancellationToken)
   at GitHub.Services.Common.RawHttpMessageHandler.SendAsync(HttpRequestMessage request, CancellationToken cancellationToken)
   at GitHub.Services.Common.VssHttpRetryMessageHandler.SendAsync(HttpRequestMessage request, CancellationToken cancellationToken)
   at System.Net.Http.HttpClient.<SendAsync>g__Core|83_0(HttpRequestMessage request, HttpCompletionOption completionOption, CancellationTokenSource cts, Boolean disposeCts, CancellationTokenSource pendingRequestsCts, CancellationToken originalCancellationToken)
[2026-02-23 15:35:19Z ERR  BrokerServer] #####################################################
[2026-02-23 15:35:19Z ERR  BrokerServer] System.IO.IOException: Unable to read data from the transport connection: 스레드 종료 또는 응용 프로그램 요청 때문에 I/O 작업이 취소되었습니다..
 ---> System.Net.Sockets.SocketException (995): 스레드 종료 또는 응용 프로그램 요청 때문에 I/O 작업이 취소되었습니다.
   --- End of inner exception stack trace ---
   at System.Net.Sockets.Socket.AwaitableSocketAsyncEventArgs.ThrowException(SocketError error, CancellationToken cancellationToken)
   at System.Net.Sockets.Socket.AwaitableSocketAsyncEventArgs.System.Threading.Tasks.Sources.IValueTaskSource<System.Int32>.GetResult(Int16 token)
   at System.Net.Security.SslStream.EnsureFullTlsFrameAsync[TIOAdapter](CancellationToken cancellationToken, Int32 estimatedSize)
   at System.Runtime.CompilerServices.PoolingAsyncValueTaskMethodBuilder`1.StateMachineBox`1.System.Threading.Tasks.Sources.IValueTaskSource<TResult>.GetResult(Int16 token)
   at System.Net.Security.SslStream.ReadAsyncInternal[TIOAdapter](Memory`1 buffer, CancellationToken cancellationToken)
   at System.Runtime.CompilerServices.PoolingAsyncValueTaskMethodBuilder`1.StateMachineBox`1.System.Threading.Tasks.Sources.IValueTaskSource<TResult>.GetResult(Int16 token)
   at System.Net.Http.HttpConnection.SendAsync(HttpRequestMessage request, Boolean async, CancellationToken cancellationToken)
[2026-02-23 15:35:19Z ERR  BrokerServer] #####################################################
[2026-02-23 15:35:19Z ERR  BrokerServer] System.Net.Sockets.SocketException (995): 스레드 종료 또는 응용 프로그램 요청 때문에 I/O 작업이 취소되었습니다.
[2026-02-23 15:35:19Z WARN BrokerServer] Back off 8.982 seconds before next retry. 4 attempt left.
[2026-02-23 15:35:19Z INFO BrokerMessageListener] Get messages has been cancelled using local token source. Continue to get messages with new status.
