[2026-02-15 07:51:13Z INFO HostContext] No proxy settings were found based on environmental variables (http_proxy/https_proxy/HTTP_PROXY/HTTPS_PROXY)
[2026-02-15 07:51:13Z INFO HostContext] Well known directory 'Bin': 'C:\Users\pc\OneDrive\Desktop\동원이\test\k8stest\actions-runner\bin'
[2026-02-15 07:51:13Z INFO HostContext] Well known directory 'Root': 'C:\Users\pc\OneDrive\Desktop\동원이\test\k8stest\actions-runner'
[2026-02-15 07:51:13Z INFO HostContext] Well known config file 'Credentials': 'C:\Users\pc\OneDrive\Desktop\동원이\test\k8stest\actions-runner\.credentials'
[2026-02-15 07:51:13Z INFO HostContext] Well known directory 'Bin': 'C:\Users\pc\OneDrive\Desktop\동원이\test\k8stest\actions-runner\bin'
[2026-02-15 07:51:13Z INFO HostContext] Well known directory 'Root': 'C:\Users\pc\OneDrive\Desktop\동원이\test\k8stest\actions-runner'
[2026-02-15 07:51:13Z INFO HostContext] Well known config file 'Runner': 'C:\Users\pc\OneDrive\Desktop\동원이\test\k8stest\actions-runner\.runner'
[2026-02-15 07:51:13Z INFO Listener] Runner is built for Windows (X64) - win-x64.
[2026-02-15 07:51:13Z INFO Listener] RuntimeInformation: Microsoft Windows 10.0.26100.
[2026-02-15 07:51:13Z INFO Listener] Version: 2.331.0
[2026-02-15 07:51:13Z INFO Listener] Commit: 39f6c643d3032f8795fa71f1482731ca90c8e038
[2026-02-15 07:51:13Z INFO Listener] Culture: ko-KR
[2026-02-15 07:51:13Z INFO Listener] UI Culture: ko-KR
[2026-02-15 07:51:13Z INFO HostContext] Well known directory 'Bin': 'C:\Users\pc\OneDrive\Desktop\동원이\test\k8stest\actions-runner\bin'
[2026-02-15 07:51:13Z INFO HostContext] Well known directory 'Root': 'C:\Users\pc\OneDrive\Desktop\동원이\test\k8stest\actions-runner'
[2026-02-15 07:51:13Z INFO Listener] Validating directory permissions for: 'C:\Users\pc\OneDrive\Desktop\동원이\test\k8stest\actions-runner'
[2026-02-15 07:51:13Z INFO CommandLineParser] Parse
[2026-02-15 07:51:13Z INFO CommandLineParser] Parsing 1 args
[2026-02-15 07:51:13Z INFO CommandLineParser] parsing argument
[2026-02-15 07:51:13Z INFO CommandLineParser] HasArgs: False
[2026-02-15 07:51:13Z INFO CommandLineParser] Adding Command: run
[2026-02-15 07:51:13Z INFO Listener] Arguments parsed
[2026-02-15 07:51:13Z INFO Runner] ExecuteCommand
[2026-02-15 07:51:13Z INFO ConfigurationStore] currentAssemblyLocation: C:\Users\pc\OneDrive\Desktop\동원이\test\k8stest\actions-runner\bin\Runner.Listener.dll
[2026-02-15 07:51:13Z INFO HostContext] Well known directory 'Bin': 'C:\Users\pc\OneDrive\Desktop\동원이\test\k8stest\actions-runner\bin'
[2026-02-15 07:51:13Z INFO ConfigurationStore] binPath: C:\Users\pc\OneDrive\Desktop\동원이\test\k8stest\actions-runner\bin
[2026-02-15 07:51:13Z INFO HostContext] Well known directory 'Bin': 'C:\Users\pc\OneDrive\Desktop\동원이\test\k8stest\actions-runner\bin'
[2026-02-15 07:51:13Z INFO HostContext] Well known directory 'Root': 'C:\Users\pc\OneDrive\Desktop\동원이\test\k8stest\actions-runner'
[2026-02-15 07:51:13Z INFO ConfigurationStore] RootFolder: C:\Users\pc\OneDrive\Desktop\동원이\test\k8stest\actions-runner
[2026-02-15 07:51:13Z INFO HostContext] Well known directory 'Bin': 'C:\Users\pc\OneDrive\Desktop\동원이\test\k8stest\actions-runner\bin'
[2026-02-15 07:51:13Z INFO HostContext] Well known directory 'Root': 'C:\Users\pc\OneDrive\Desktop\동원이\test\k8stest\actions-runner'
[2026-02-15 07:51:13Z INFO HostContext] Well known config file 'Runner': 'C:\Users\pc\OneDrive\Desktop\동원이\test\k8stest\actions-runner\.runner'
[2026-02-15 07:51:13Z INFO ConfigurationStore] ConfigFilePath: C:\Users\pc\OneDrive\Desktop\동원이\test\k8stest\actions-runner\.runner
[2026-02-15 07:51:13Z INFO HostContext] Well known directory 'Bin': 'C:\Users\pc\OneDrive\Desktop\동원이\test\k8stest\actions-runner\bin'
[2026-02-15 07:51:13Z INFO HostContext] Well known directory 'Root': 'C:\Users\pc\OneDrive\Desktop\동원이\test\k8stest\actions-runner'
[2026-02-15 07:51:13Z INFO HostContext] Well known config file 'MigratedRunner': 'C:\Users\pc\OneDrive\Desktop\동원이\test\k8stest\actions-runner\.runner_migrated'
[2026-02-15 07:51:13Z INFO ConfigurationStore] MigratedConfigFilePath: C:\Users\pc\OneDrive\Desktop\동원이\test\k8stest\actions-runner\.runner_migrated
[2026-02-15 07:51:13Z INFO HostContext] Well known directory 'Bin': 'C:\Users\pc\OneDrive\Desktop\동원이\test\k8stest\actions-runner\bin'
[2026-02-15 07:51:13Z INFO HostContext] Well known directory 'Root': 'C:\Users\pc\OneDrive\Desktop\동원이\test\k8stest\actions-runner'
[2026-02-15 07:51:13Z INFO HostContext] Well known config file 'Credentials': 'C:\Users\pc\OneDrive\Desktop\동원이\test\k8stest\actions-runner\.credentials'
[2026-02-15 07:51:13Z INFO ConfigurationStore] CredFilePath: C:\Users\pc\OneDrive\Desktop\동원이\test\k8stest\actions-runner\.credentials
[2026-02-15 07:51:13Z INFO HostContext] Well known directory 'Bin': 'C:\Users\pc\OneDrive\Desktop\동원이\test\k8stest\actions-runner\bin'
[2026-02-15 07:51:13Z INFO HostContext] Well known directory 'Root': 'C:\Users\pc\OneDrive\Desktop\동원이\test\k8stest\actions-runner'
[2026-02-15 07:51:13Z INFO HostContext] Well known config file 'MigratedCredentials': 'C:\Users\pc\OneDrive\Desktop\동원이\test\k8stest\actions-runner\.credentials_migrated'
[2026-02-15 07:51:13Z INFO ConfigurationStore] MigratedCredFilePath: C:\Users\pc\OneDrive\Desktop\동원이\test\k8stest\actions-runner\.credentials_migrated
[2026-02-15 07:51:13Z INFO HostContext] Well known directory 'Bin': 'C:\Users\pc\OneDrive\Desktop\동원이\test\k8stest\actions-runner\bin'
[2026-02-15 07:51:13Z INFO HostContext] Well known directory 'Root': 'C:\Users\pc\OneDrive\Desktop\동원이\test\k8stest\actions-runner'
[2026-02-15 07:51:13Z INFO HostContext] Well known config file 'Service': 'C:\Users\pc\OneDrive\Desktop\동원이\test\k8stest\actions-runner\.service'
[2026-02-15 07:51:13Z INFO ConfigurationStore] ServiceConfigFilePath: C:\Users\pc\OneDrive\Desktop\동원이\test\k8stest\actions-runner\.service
[2026-02-15 07:51:13Z INFO CommandSettings] Flag 'help': 'False'
[2026-02-15 07:51:13Z INFO CommandSettings] Flag 'version': 'False'
[2026-02-15 07:51:13Z INFO CommandSettings] Flag 'commit': 'False'
[2026-02-15 07:51:13Z INFO CommandSettings] Flag 'check': 'False'
[2026-02-15 07:51:13Z INFO CommandSettings] Command 'configure': 'False'
[2026-02-15 07:51:13Z INFO CommandSettings] Command 'remove': 'False'
[2026-02-15 07:51:13Z INFO CommandSettings] Command 'warmup': 'False'
[2026-02-15 07:51:13Z INFO ConfigurationManager] LoadSettings
[2026-02-15 07:51:13Z INFO ConfigurationStore] IsConfigured()
[2026-02-15 07:51:13Z INFO ConfigurationStore] IsConfigured: True
[2026-02-15 07:51:13Z INFO ConfigurationManager] Is configured: True
[2026-02-15 07:51:13Z INFO ConfigurationStore] Read setting file: 389 chars
[2026-02-15 07:51:13Z INFO ConfigurationManager] Settings Loaded
[2026-02-15 07:51:13Z INFO ConfigurationStore] IsServiceConfigured()
[2026-02-15 07:51:13Z INFO ConfigurationStore] IsServiceConfigured: False
[2026-02-15 07:51:13Z INFO CommandSettings] Command 'run': 'True'
[2026-02-15 07:51:13Z INFO ConfigurationStore] IsConfigured()
[2026-02-15 07:51:13Z INFO ConfigurationStore] IsConfigured: True
[2026-02-15 07:51:13Z INFO ConfigurationManager] Is configured: True
[2026-02-15 07:51:13Z INFO Runner] Could not parse the argument value '' for StartupType. Defaulting to Manual
[2026-02-15 07:51:13Z INFO Runner] Set runner startup type - Manual
[2026-02-15 07:51:13Z INFO CommandSettings] Flag 'once': 'False'
[2026-02-15 07:51:13Z INFO CommandSettings] Flag 'once': 'False'
[2026-02-15 07:51:13Z INFO Runner] RunAsync
[2026-02-15 07:51:13Z INFO ConfigurationManager] LoadMigratedSettings
[2026-02-15 07:51:13Z INFO ConfigurationStore] IsMigratedConfigured()
[2026-02-15 07:51:13Z INFO ConfigurationStore] IsMigratedConfigured: False
[2026-02-15 07:51:13Z INFO Runner] Failed to load migrated settings: No migrated configuration found.
[2026-02-15 07:51:13Z INFO Runner] Falling back to original .runner settings
[2026-02-15 07:51:13Z INFO Runner] Using BrokerMessageListener
[2026-02-15 07:51:13Z INFO BrokerMessageListener] Using provided settings
[2026-02-15 07:51:13Z INFO BrokerMessageListener] {
  "AgentId": 3,
  "AgentName": "ekstest",
  "PoolId": 1,
  "PoolName": "Default",
  "ServerUrl": "https://pipelinesghubeus22.actions.githubusercontent.com/1XVLR15AmAwLW8EnmemgNUMjM6v2tV3RNDxCatJ3ZH70faMCJi/",
  "GitHubUrl": "https://github.com/Leedongjuk/k8stest",
  "WorkFolder": "_work",
  "UseV2Flow": true,
  "ServerUrlV2": "https://broker.actions.githubusercontent.com/"
}
[2026-02-15 07:51:13Z INFO BrokerMessageListener] Loading Credentials
[2026-02-15 07:51:13Z INFO ConfigurationStore] HasCredentials()
[2026-02-15 07:51:13Z INFO ConfigurationStore] stored True
[2026-02-15 07:51:13Z INFO CredentialManager] GetCredentialProvider
[2026-02-15 07:51:13Z INFO CredentialManager] Creating type OAuth
[2026-02-15 07:51:13Z INFO CredentialManager] Creating credential type: OAuth
[2026-02-15 07:51:13Z INFO HostContext] Well known directory 'Bin': 'C:\Users\pc\OneDrive\Desktop\동원이\test\k8stest\actions-runner\bin'
[2026-02-15 07:51:13Z INFO HostContext] Well known directory 'Root': 'C:\Users\pc\OneDrive\Desktop\동원이\test\k8stest\actions-runner'
[2026-02-15 07:51:13Z INFO HostContext] Well known config file 'RSACredentials': 'C:\Users\pc\OneDrive\Desktop\동원이\test\k8stest\actions-runner\.credentials_rsaparams'
[2026-02-15 07:51:13Z INFO RSAEncryptedFileKeyManager] Loading RSA key parameters from file C:\Users\pc\OneDrive\Desktop\동원이\test\k8stest\actions-runner\.credentials_rsaparams
[2026-02-15 07:51:13Z INFO BrokerMessageListener] Attempt to create session.
[2026-02-15 07:51:13Z INFO BrokerMessageListener] Connecting to the Broker Server...
[2026-02-15 07:51:13Z INFO ConfigurationStore] HasCredentials()
[2026-02-15 07:51:13Z INFO ConfigurationStore] stored True
[2026-02-15 07:51:13Z INFO CredentialManager] GetCredentialProvider
[2026-02-15 07:51:13Z INFO CredentialManager] Creating type OAuth
[2026-02-15 07:51:13Z INFO CredentialManager] Creating credential type: OAuth
[2026-02-15 07:51:13Z INFO RSAEncryptedFileKeyManager] Loading RSA key parameters from file C:\Users\pc\OneDrive\Desktop\동원이\test\k8stest\actions-runner\.credentials_rsaparams
[2026-02-15 07:51:13Z INFO BrokerMessageListener] VssConnection created
[2026-02-15 07:51:13Z INFO BrokerMessageListener] Connecting to the Runner server...
[2026-02-15 07:51:13Z INFO RunnerServer] EstablishVssConnection
[2026-02-15 07:51:13Z INFO RunnerServer] Establish connection with 100 seconds timeout.
[2026-02-15 07:51:13Z INFO GitHubActionsService] Starting operation Location.GetConnectionData
[2026-02-15 07:51:13Z INFO RunnerServer] EstablishVssConnection
[2026-02-15 07:51:13Z INFO RunnerServer] Establish connection with 60 seconds timeout.
[2026-02-15 07:51:13Z INFO GitHubActionsService] Starting operation Location.GetConnectionData
[2026-02-15 07:51:13Z INFO RunnerServer] EstablishVssConnection
[2026-02-15 07:51:13Z INFO RunnerServer] Establish connection with 60 seconds timeout.
[2026-02-15 07:51:13Z INFO GitHubActionsService] Starting operation Location.GetConnectionData
[2026-02-15 07:51:14Z INFO GitHubActionsService] Finished operation Location.GetConnectionData
[2026-02-15 07:51:14Z INFO GitHubActionsService] Finished operation Location.GetConnectionData
[2026-02-15 07:51:14Z INFO GitHubActionsService] Finished operation Location.GetConnectionData
[2026-02-15 07:51:15Z INFO BrokerMessageListener] VssConnection created
[2026-02-15 07:51:15Z INFO Terminal] WRITE LINE: 
[2026-02-15 07:51:15Z INFO Terminal] WRITE LINE: 
[2026-02-15 07:51:15Z INFO RSAEncryptedFileKeyManager] Loading RSA key parameters from file C:\Users\pc\OneDrive\Desktop\동원이\test\k8stest\actions-runner\.credentials_rsaparams
[2026-02-15 07:51:15Z INFO RSAEncryptedFileKeyManager] Loading RSA key parameters from file C:\Users\pc\OneDrive\Desktop\동원이\test\k8stest\actions-runner\.credentials_rsaparams
[2026-02-15 07:51:16Z INFO GitHubActionsService] AAD Correlation ID for this token request: Unknown
[2026-02-15 07:51:17Z INFO BrokerMessageListener] Session created.
[2026-02-15 07:51:17Z INFO Terminal] WRITE LINE: Current runner version: '2.331.0'
[2026-02-15 07:51:17Z INFO Terminal] WRITE LINE: 2026-02-15 07:51:17Z: Listening for Jobs
[2026-02-15 07:51:17Z INFO JobDispatcher] Set runner/worker IPC timeout to 30 seconds.
[2026-02-15 08:41:33Z INFO RSAEncryptedFileKeyManager] Loading RSA key parameters from file C:\Users\pc\OneDrive\Desktop\동원이\test\k8stest\actions-runner\.credentials_rsaparams
[2026-02-15 08:41:34Z INFO GitHubActionsService] AAD Correlation ID for this token request: Unknown
[2026-02-15 09:31:48Z INFO RSAEncryptedFileKeyManager] Loading RSA key parameters from file C:\Users\pc\OneDrive\Desktop\동원이\test\k8stest\actions-runner\.credentials_rsaparams
[2026-02-15 09:31:49Z INFO GitHubActionsService] AAD Correlation ID for this token request: Unknown
[2026-02-15 10:22:03Z INFO RSAEncryptedFileKeyManager] Loading RSA key parameters from file C:\Users\pc\OneDrive\Desktop\동원이\test\k8stest\actions-runner\.credentials_rsaparams
[2026-02-15 10:22:04Z INFO GitHubActionsService] AAD Correlation ID for this token request: Unknown
[2026-02-15 11:12:25Z INFO RSAEncryptedFileKeyManager] Loading RSA key parameters from file C:\Users\pc\OneDrive\Desktop\동원이\test\k8stest\actions-runner\.credentials_rsaparams
[2026-02-15 11:12:26Z INFO GitHubActionsService] AAD Correlation ID for this token request: Unknown
[2026-02-15 11:46:45Z INFO HostContext] Runner will be shutdown for UserCancelled
[2026-02-15 11:46:45Z WARN GitHubActionsService] GET request to https://broker.actions.githubusercontent.com/message?sessionId=6850acfd-6d61-4008-8622-451a8bec44dc&status=Online&runnerVersion=2.331.0&os=Windows&architecture=X64&disableUpdate=false has been cancelled.
[2026-02-15 11:46:45Z ERR  BrokerServer] Catch exception during request
[2026-02-15 11:46:45Z ERR  BrokerServer] System.Threading.Tasks.TaskCanceledException: The operation was canceled.
 ---> System.Threading.Tasks.TaskCanceledException: The operation was canceled.
 ---> System.IO.IOException: Unable to read data from the transport connection: 스레드 종료 또는 응용 프로그램 요청 때문에 I/O 작업이 취소되었습니다..
 ---> System.Net.Sockets.SocketException (995): 스레드 종료 또는 응용 프로그램 요청 때문에 I/O 작업이 취소되었습니다.
   --- End of inner exception stack trace ---
   at System.Net.Sockets.Socket.AwaitableSocketAsyncEventArgs.ThrowException(SocketError error, CancellationToken cancellationToken)
   at System.Net.Sockets.Socket.AwaitableSocketAsyncEventArgs.System.Threading.Tasks.Sources.IValueTaskSource<System.Int32>.GetResult(Int16 token)
   at System.Net.Security.SslStream.EnsureFullTlsFrameAsync[TIOAdapter](CancellationToken cancellationToken, Int32 estimatedSize)
   at System.Runtime.CompilerServices.PoolingAsyncValueTaskMethodBuilder`1.StateMachineBox`1.System.Threading.Tasks.Sources.IValueTaskSource<TResult>.GetResult(Int16 token)
   at System.Net.Security.SslStream.ReadAsyncInternal[TIOAdapter](Memory`1 buffer, CancellationToken cancellationToken)
   at System.Runtime.CompilerServices.PoolingAsyncValueTaskMethodBuilder`1.StateMachineBox`1.System.Threading.Tasks.Sources.IValueTaskSource<TResult>.GetResult(Int16 token)
   at System.Net.Http.HttpConnection.SendAsync(HttpRequestMessage request, Boolean async, CancellationToken cancellationToken)
   --- End of inner exception stack trace ---
   at System.Net.Http.HttpConnection.SendAsync(HttpRequestMessage request, Boolean async, CancellationToken cancellationToken)
   at System.Net.Http.AuthenticationHelper.SendWithNtAuthAsync(HttpRequestMessage request, Uri authUri, Boolean async, ICredentials credentials, Boolean isProxyAuth, HttpConnection connection, HttpConnectionPool connectionPool, CancellationToken cancellationToken)
   at System.Net.Http.HttpConnectionPool.SendWithVersionDetectionAndRetryAsync(HttpRequestMessage request, Boolean async, Boolean doRequestAuth, CancellationToken cancellationToken)
   at System.Net.Http.AuthenticationHelper.SendWithAuthAsync(HttpRequestMessage request, Uri authUri, Boolean async, ICredentials credentials, Boolean preAuthenticate, Boolean isProxyAuth, Boolean doRequestAuth, HttpConnectionPool pool, CancellationToken cancellationToken)
   at System.Net.Http.RedirectHandler.SendAsync(HttpRequestMessage request, Boolean async, CancellationToken cancellationToken)
   at GitHub.Services.Common.RawHttpMessageHandler.SendAsync(HttpRequestMessage request, CancellationToken cancellationToken)
   at GitHub.Services.Common.VssHttpRetryMessageHandler.SendAsync(HttpRequestMessage request, CancellationToken cancellationToken)
   at System.Net.Http.HttpClient.<SendAsync>g__Core|83_0(HttpRequestMessage request, HttpCompletionOption completionOption, CancellationTokenSource cts, Boolean disposeCts, CancellationTokenSource pendingRequestsCts, CancellationToken originalCancellationToken)
   --- End of inner exception stack trace ---
   at System.Net.Http.HttpClient.HandleFailure(Exception e, Boolean telemetryStarted, HttpResponseMessage response, CancellationTokenSource cts, CancellationToken cancellationToken, CancellationTokenSource pendingRequestsCts)
   at System.Net.Http.HttpClient.<SendAsync>g__Core|83_0(HttpRequestMessage request, HttpCompletionOption completionOption, CancellationTokenSource cts, Boolean disposeCts, CancellationTokenSource pendingRequestsCts, CancellationToken originalCancellationToken)
   at Sdk.WebApi.WebApi.RawHttpClientBase.SendAsync(HttpRequestMessage message, HttpCompletionOption completionOption, Object userState, CancellationToken cancellationToken)
   at Sdk.WebApi.WebApi.RawHttpClientBase.SendAsync[T](HttpRequestMessage message, Boolean readErrorBody, Object userState, CancellationToken cancellationToken)
   at Sdk.WebApi.WebApi.RawHttpClientBase.SendAsync[T](HttpMethod method, IEnumerable`1 additionalHeaders, Uri requestUri, HttpContent content, IEnumerable`1 queryParameters, Boolean readErrorBody, Object userState, CancellationToken cancellationToken)
   at GitHub.Actions.RunService.WebApi.BrokerHttpClient.GetRunnerMessageAsync(Nullable`1 sessionId, String runnerVersion, Nullable`1 status, String os, String architecture, Nullable`1 disableUpdate, CancellationToken cancellationToken)
   at GitHub.Runner.Common.BrokerServer.<>c__DisplayClass7_0.<<GetRunnerMessageAsync>b__0>d.MoveNext()
--- End of stack trace from previous location ---
   at GitHub.Runner.Common.RunnerService.RetryRequest[T](Func`1 func, CancellationToken cancellationToken, Int32 maxAttempts, Func`2 shouldRetry)
[2026-02-15 11:46:45Z ERR  BrokerServer] #####################################################
[2026-02-15 11:46:45Z ERR  BrokerServer] System.Threading.Tasks.TaskCanceledException: The operation was canceled.
 ---> System.IO.IOException: Unable to read data from the transport connection: 스레드 종료 또는 응용 프로그램 요청 때문에 I/O 작업이 취소되었습니다..
 ---> System.Net.Sockets.SocketException (995): 스레드 종료 또는 응용 프로그램 요청 때문에 I/O 작업이 취소되었습니다.
   --- End of inner exception stack trace ---
   at System.Net.Sockets.Socket.AwaitableSocketAsyncEventArgs.ThrowException(SocketError error, CancellationToken cancellationToken)
   at System.Net.Sockets.Socket.AwaitableSocketAsyncEventArgs.System.Threading.Tasks.Sources.IValueTaskSource<System.Int32>.GetResult(Int16 token)
   at System.Net.Security.SslStream.EnsureFullTlsFrameAsync[TIOAdapter](CancellationToken cancellationToken, Int32 estimatedSize)
   at System.Runtime.CompilerServices.PoolingAsyncValueTaskMethodBuilder`1.StateMachineBox`1.System.Threading.Tasks.Sources.IValueTaskSource<TResult>.GetResult(Int16 token)
   at System.Net.Security.SslStream.ReadAsyncInternal[TIOAdapter](Memory`1 buffer, CancellationToken cancellationToken)
   at System.Runtime.CompilerServices.PoolingAsyncValueTaskMethodBuilder`1.StateMachineBox`1.System.Threading.Tasks.Sources.IValueTaskSource<TResult>.GetResult(Int16 token)
   at System.Net.Http.HttpConnection.SendAsync(HttpRequestMessage request, Boolean async, CancellationToken cancellationToken)
   --- End of inner exception stack trace ---
   at System.Net.Http.HttpConnection.SendAsync(HttpRequestMessage request, Boolean async, CancellationToken cancellationToken)
   at System.Net.Http.AuthenticationHelper.SendWithNtAuthAsync(HttpRequestMessage request, Uri authUri, Boolean async, ICredentials credentials, Boolean isProxyAuth, HttpConnection connection, HttpConnectionPool connectionPool, CancellationToken cancellationToken)
   at System.Net.Http.HttpConnectionPool.SendWithVersionDetectionAndRetryAsync(HttpRequestMessage request, Boolean async, Boolean doRequestAuth, CancellationToken cancellationToken)
   at System.Net.Http.AuthenticationHelper.SendWithAuthAsync(HttpRequestMessage request, Uri authUri, Boolean async, ICredentials credentials, Boolean preAuthenticate, Boolean isProxyAuth, Boolean doRequestAuth, HttpConnectionPool pool, CancellationToken cancellationToken)
   at System.Net.Http.RedirectHandler.SendAsync(HttpRequestMessage request, Boolean async, CancellationToken cancellationToken)
   at GitHub.Services.Common.RawHttpMessageHandler.SendAsync(HttpRequestMessage request, CancellationToken cancellationToken)
   at GitHub.Services.Common.VssHttpRetryMessageHandler.SendAsync(HttpRequestMessage request, CancellationToken cancellationToken)
   at System.Net.Http.HttpClient.<SendAsync>g__Core|83_0(HttpRequestMessage request, HttpCompletionOption completionOption, CancellationTokenSource cts, Boolean disposeCts, CancellationTokenSource pendingRequestsCts, CancellationToken originalCancellationToken)
[2026-02-15 11:46:45Z ERR  BrokerServer] #####################################################
[2026-02-15 11:46:45Z ERR  BrokerServer] System.IO.IOException: Unable to read data from the transport connection: 스레드 종료 또는 응용 프로그램 요청 때문에 I/O 작업이 취소되었습니다..
 ---> System.Net.Sockets.SocketException (995): 스레드 종료 또는 응용 프로그램 요청 때문에 I/O 작업이 취소되었습니다.
   --- End of inner exception stack trace ---
   at System.Net.Sockets.Socket.AwaitableSocketAsyncEventArgs.ThrowException(SocketError error, CancellationToken cancellationToken)
   at System.Net.Sockets.Socket.AwaitableSocketAsyncEventArgs.System.Threading.Tasks.Sources.IValueTaskSource<System.Int32>.GetResult(Int16 token)
   at System.Net.Security.SslStream.EnsureFullTlsFrameAsync[TIOAdapter](CancellationToken cancellationToken, Int32 estimatedSize)
   at System.Runtime.CompilerServices.PoolingAsyncValueTaskMethodBuilder`1.StateMachineBox`1.System.Threading.Tasks.Sources.IValueTaskSource<TResult>.GetResult(Int16 token)
   at System.Net.Security.SslStream.ReadAsyncInternal[TIOAdapter](Memory`1 buffer, CancellationToken cancellationToken)
   at System.Runtime.CompilerServices.PoolingAsyncValueTaskMethodBuilder`1.StateMachineBox`1.System.Threading.Tasks.Sources.IValueTaskSource<TResult>.GetResult(Int16 token)
   at System.Net.Http.HttpConnection.SendAsync(HttpRequestMessage request, Boolean async, CancellationToken cancellationToken)
[2026-02-15 11:46:45Z ERR  BrokerServer] #####################################################
[2026-02-15 11:46:45Z ERR  BrokerServer] System.Net.Sockets.SocketException (995): 스레드 종료 또는 응용 프로그램 요청 때문에 I/O 작업이 취소되었습니다.
[2026-02-15 11:46:45Z WARN BrokerServer] Back off 6.508 seconds before next retry. 4 attempt left.
[2026-02-15 11:46:45Z INFO BrokerMessageListener] Get next message has been cancelled.
[2026-02-15 11:46:45Z INFO JobDispatcher] Shutting down JobDispatcher. Make sure all WorkerDispatcher has finished.
[2026-02-15 11:46:45Z INFO Runner] Deleting Runner Session...
[2026-02-15 11:46:46Z INFO Listener] Runner execution been cancelled.
